root - INFO - Running ingestion.py 07/11/2023, 15:55:11
root - INFO - INFO: Load the config file 07/11/2023, 15:55:11
root - INFO - Info check for the datasets 07/11/2023, 15:55:11
root - INFO - Final dataset saved in the folder ingesteddata                  07/11/2023, 15:55:11
root - INFO - Save metadata for Data ingestion 07/11/2023, 15:55:11
root - INFO - Running ingestion.py 07/11/2023, 15:55:16
root - INFO - INFO: Load the config file 07/11/2023, 15:55:16
root - INFO - Info check for the datasets 07/11/2023, 15:55:16
root - INFO - Final dataset saved in the folder ingesteddata                  07/11/2023, 15:55:16
root - INFO - Save metadata for Data ingestion 07/11/2023, 15:55:16
root - INFO - Running ingestion.py 07/11/2023, 16:21:56
root - INFO - INFO: Load the config file 07/11/2023, 16:21:56
root - INFO - Info check for the datasets 07/11/2023, 16:21:56
root - INFO - Final dataset saved in the folder ingesteddata                  07/11/2023, 16:21:56
root - INFO - Save metadata for Data ingestion 07/11/2023, 16:21:56
root - INFO - Running ingestion.py 07/11/2023, 16:22:47
root - INFO - INFO: Load the config file 07/11/2023, 16:22:47
root - INFO - Info check for the datasets 07/11/2023, 16:22:47
root - INFO - Final dataset saved in the folder ingesteddata                  07/11/2023, 16:22:47
root - INFO - Save metadata for Data ingestion 07/11/2023, 16:22:47
root - INFO - Running ingestion.py 07/11/2023, 16:29:15
root - INFO - INFO: Load the config file 07/11/2023, 16:29:15
root - INFO - Info check for the datasets 07/11/2023, 16:29:15
root - INFO - Final dataset saved in the folder ingesteddata                  07/11/2023, 16:29:15
root - INFO - Save metadata for Data ingestion 07/11/2023, 16:29:15
root - INFO - Running ingestion.py 07/11/2023, 16:29:52
root - INFO - INFO: Load the config file 07/11/2023, 16:29:52
root - INFO - Info check for the datasets 07/11/2023, 16:29:52
root - INFO - Final dataset saved in the folder ingesteddata                  07/11/2023, 16:29:52
root - INFO - Save metadata for Data ingestion 07/11/2023, 16:29:52
root - INFO - Running ingestion.py 07/11/2023, 16:34:30
root - INFO - INFO: Load the config file 07/11/2023, 16:34:30
root - INFO - Info check for the datasets 07/11/2023, 16:34:30
root - INFO - Final dataset saved in the folder ingesteddata                  07/11/2023, 16:34:30
root - INFO - Save metadata for Data ingestion 07/11/2023, 16:34:30
root - INFO - Running ingestion.py 07/11/2023, 16:36:47
root - INFO - INFO: Load the config file 07/11/2023, 16:36:47
root - INFO - Info check for the datasets 07/11/2023, 16:36:47
root - INFO - Final dataset saved in the folder ingesteddata                  07/11/2023, 16:36:47
root - INFO - Save metadata for Data ingestion 07/11/2023, 16:36:47
root - INFO - Running ingestion.py 07/11/2023, 16:41:02
root - INFO - INFO: Load the config file 07/11/2023, 16:41:02
root - INFO - Info check for the datasets 07/11/2023, 16:41:02
root - INFO - Final dataset saved in the folder ingesteddata                  07/11/2023, 16:41:02
root - INFO - Save metadata for Data ingestion 07/11/2023, 16:41:02
root - INFO - Running ingestion.py 07/11/2023, 16:42:10
root - INFO - INFO: Load the config file 07/11/2023, 16:42:10
root - INFO - Info check for the datasets 07/11/2023, 16:42:10
root - INFO - Final dataset saved in the folder ingesteddata                  07/11/2023, 16:42:10
root - INFO - Save metadata for Data ingestion 07/11/2023, 16:42:10
root - INFO - Running ingestion.py 07/12/2023, 09:08:34
root - INFO - INFO: Load the config file 07/12/2023, 09:08:34
root - INFO - Info check for the datasets 07/12/2023, 09:08:34
root - INFO - Final dataset saved in the folder ingesteddata                  07/12/2023, 09:08:34
root - INFO - Save metadata for Data ingestion 07/12/2023, 09:08:34
root - INFO - Running ingestion.py 07/12/2023, 09:11:33
root - INFO - INFO: Load the config file 07/12/2023, 09:11:33
root - INFO - Info check for the datasets 07/12/2023, 09:11:33
root - INFO - Final dataset saved in the folder ingesteddata                  07/12/2023, 09:11:33
root - INFO - Save metadata for Data ingestion 07/12/2023, 09:11:33
root - INFO - Running ingestion.py 07/12/2023, 09:12:39
root - INFO - INFO: Load the config file 07/12/2023, 09:12:39
root - INFO - Info check for the datasets 07/12/2023, 09:12:39
root - INFO - Final dataset saved in the folder ingesteddata                  07/12/2023, 09:12:39
root - INFO - Save metadata for Data ingestion 07/12/2023, 09:12:39
root - INFO - Running ingestion.py 07/12/2023, 09:15:30
root - INFO - INFO: Load the config file 07/12/2023, 09:15:30
root - INFO - Info check for the datasets 07/12/2023, 09:15:30
root - INFO - Final dataset saved in the folder ingesteddata                  07/12/2023, 09:15:30
root - INFO - Save metadata for Data ingestion 07/12/2023, 09:15:30
root - INFO - Running ingestion.py 07/12/2023, 09:19:11
root - INFO - INFO: Load the config file 07/12/2023, 09:19:11
root - INFO - Info check for the datasets 07/12/2023, 09:19:11
root - INFO - Final dataset saved in the folder ingesteddata                  07/12/2023, 09:19:11
root - INFO - Save metadata for Data ingestion 07/12/2023, 09:19:11
root - INFO - Running ingestion.py 07/12/2023, 09:20:50
root - INFO - INFO: Load the config file 07/12/2023, 09:20:50
root - INFO - Info check for the datasets 07/12/2023, 09:20:50
root - INFO - Final dataset saved in the folder ingesteddata                  07/12/2023, 09:20:50
root - INFO - Save metadata for Data ingestion 07/12/2023, 09:20:50
root - INFO - Running ingestion.py 07/12/2023, 09:21:38
root - INFO - INFO: Load the config file 07/12/2023, 09:21:38
root - INFO - Info check for the datasets 07/12/2023, 09:21:38
root - INFO - Final dataset saved in the folder ingesteddata                  07/12/2023, 09:21:38
root - INFO - Save metadata for Data ingestion 07/12/2023, 09:21:38
root - INFO - Running ingestion.py 07/12/2023, 09:22:37
root - INFO - INFO: Load the config file 07/12/2023, 09:22:37
root - INFO - Info check for the datasets 07/12/2023, 09:22:37
root - INFO - Final dataset saved in the folder ingesteddata                  07/12/2023, 09:22:37
root - INFO - Save metadata for Data ingestion 07/12/2023, 09:22:37
root - INFO - Running ingestion.py 07/12/2023, 09:24:20
root - INFO - INFO: Load the config file 07/12/2023, 09:24:20
root - INFO - Info check for the datasets 07/12/2023, 09:24:20
root - INFO - Final dataset saved in the folder ingesteddata                  07/12/2023, 09:24:20
root - INFO - Save metadata for Data ingestion 07/12/2023, 09:24:20
root - INFO - Running ingestion.py 07/12/2023, 09:42:05
root - INFO - INFO: Load the config file 07/12/2023, 09:42:05
root - INFO - Info check for the datasets 07/12/2023, 09:42:05
root - INFO - Final dataset saved in the folder ingesteddata                  07/12/2023, 09:42:05
root - INFO - Save metadata for Data ingestion 07/12/2023, 09:42:05
root - INFO - Running ingestion.py 07/12/2023, 09:42:59
root - INFO - INFO: Load the config file 07/12/2023, 09:42:59
root - INFO - Info check for the datasets 07/12/2023, 09:42:59
root - INFO - Final dataset saved in the folder ingesteddata                  07/12/2023, 09:42:59
root - INFO - Save metadata for Data ingestion 07/12/2023, 09:42:59
root - INFO - Running ingestion.py 07/12/2023, 10:09:43
root - INFO - INFO: Load the config file 07/12/2023, 10:09:43
root - INFO - Info check for the datasets 07/12/2023, 10:09:43
root - INFO - Final dataset saved in the folder ingesteddata                  07/12/2023, 10:09:43
root - INFO - Save metadata for Data ingestion 07/12/2023, 10:09:43
root - INFO - Running ingestion.py 07/12/2023, 10:10:12
root - INFO - INFO: Load the config file 07/12/2023, 10:10:12
root - INFO - Info check for the datasets 07/12/2023, 10:10:12
root - INFO - Final dataset saved in the folder ingesteddata                  07/12/2023, 10:10:12
root - INFO - Save metadata for Data ingestion 07/12/2023, 10:10:12
root - INFO - Running ingestion.py 07/12/2023, 10:30:46
root - INFO - INFO: Load the config file 07/12/2023, 10:30:46
root - INFO - Info check for the datasets 07/12/2023, 10:30:46
root - INFO - Final dataset saved in the folder ingesteddata                  07/12/2023, 10:30:46
root - INFO - Save metadata for Data ingestion 07/12/2023, 10:30:46
root - INFO - Running ingestion.py 07/12/2023, 12:12:43
root - INFO - INFO: Load the config file 07/12/2023, 12:12:43
root - INFO - Info check for the datasets 07/12/2023, 12:12:43
root - INFO - Final dataset saved in the folder ingesteddata                  07/12/2023, 12:12:43
root - INFO - Save metadata for Data ingestion 07/12/2023, 12:12:43
root - INFO - Running ingestion.py 07/12/2023, 12:14:24
root - INFO - INFO: Load the config file 07/12/2023, 12:14:24
root - INFO - Info check for the datasets 07/12/2023, 12:14:24
root - INFO - Final dataset saved in the folder ingesteddata                  07/12/2023, 12:14:24
root - INFO - Save metadata for Data ingestion 07/12/2023, 12:14:24
root - INFO - Running ingestion.py 07/12/2023, 12:15:45
root - INFO - INFO: Load the config file 07/12/2023, 12:15:45
root - INFO - Info check for the datasets 07/12/2023, 12:15:45
root - INFO - Final dataset saved in the folder ingesteddata                  07/12/2023, 12:15:45
root - INFO - Save metadata for Data ingestion 07/12/2023, 12:15:45
root - INFO - Running ingestion.py 07/12/2023, 12:16:34
root - INFO - INFO: Load the config file 07/12/2023, 12:16:34
root - INFO - Info check for the datasets 07/12/2023, 12:16:34
root - INFO - Final dataset saved in the folder ingesteddata                  07/12/2023, 12:16:34
root - INFO - Save metadata for Data ingestion 07/12/2023, 12:16:34
root - INFO - Running ingestion.py 07/12/2023, 12:17:32
root - INFO - INFO: Load the config file 07/12/2023, 12:17:32
root - INFO - Info check for the datasets 07/12/2023, 12:17:32
root - INFO - Final dataset saved in the folder ingesteddata                  07/12/2023, 12:17:32
root - INFO - Save metadata for Data ingestion 07/12/2023, 12:17:32
root - INFO - Running ingestion.py 07/12/2023, 12:18:08
root - INFO - INFO: Load the config file 07/12/2023, 12:18:08
root - INFO - Info check for the datasets 07/12/2023, 12:18:08
root - INFO - Final dataset saved in the folder ingesteddata                  07/12/2023, 12:18:08
root - INFO - Save metadata for Data ingestion 07/12/2023, 12:18:08
root - INFO - Running ingestion.py 07/12/2023, 12:18:45
root - INFO - INFO: Load the config file 07/12/2023, 12:18:45
root - INFO - Info check for the datasets 07/12/2023, 12:18:45
root - INFO - Final dataset saved in the folder ingesteddata                  07/12/2023, 12:18:45
root - INFO - Save metadata for Data ingestion 07/12/2023, 12:18:45
root - INFO - Running ingestion.py 07/12/2023, 12:19:06
root - INFO - INFO: Load the config file 07/12/2023, 12:19:06
root - INFO - Info check for the datasets 07/12/2023, 12:19:06
root - INFO - Final dataset saved in the folder ingesteddata                  07/12/2023, 12:19:06
root - INFO - Save metadata for Data ingestion 07/12/2023, 12:19:06
root - INFO - Checking for new data
root - INFO - Ingesting new data
root - INFO - INFO: Load the config file 07/13/2023, 10:59:47
root - INFO - Info check for the datasets 07/13/2023, 10:59:47
root - INFO - Final dataset saved in the folder ingesteddata                  07/13/2023, 10:59:47
root - INFO - Save metadata for Data ingestion 07/13/2023, 10:59:47
root - INFO - Checking for model drift
root - INFO - There is no model drift New score: 0.6923076923076923,                      old score: 0.57
root - INFO - Checking for new data
root - INFO - Ingesting new data
root - INFO - INFO: Load the config file 07/13/2023, 11:00:44
root - INFO - Info check for the datasets 07/13/2023, 11:00:44
root - INFO - Final dataset saved in the folder ingesteddata                  07/13/2023, 11:00:44
root - INFO - Save metadata for Data ingestion 07/13/2023, 11:00:44
root - INFO - Checking for model drift
root - INFO - There is no model drift New score: 0.6923076923076923,                      old score: 0.57
root - INFO - Checking for new data
root - INFO - Ingesting new data
root - INFO - INFO: Load the config file 07/13/2023, 11:01:27
root - INFO - Info check for the datasets 07/13/2023, 11:01:27
root - INFO - Final dataset saved in the folder ingesteddata                  07/13/2023, 11:01:27
root - INFO - Save metadata for Data ingestion 07/13/2023, 11:01:27
root - INFO - Checking for model drift
root - INFO - There is no model drift New score: 0.6923076923076923,                      old score: 0.57
root - INFO - Running ingestion.py 07/13/2023, 11:14:24
root - INFO - INFO: Load the config file 07/13/2023, 11:14:24
root - INFO - Info check for the datasets 07/13/2023, 11:14:24
root - INFO - Final dataset saved in the folder ingesteddata                  07/13/2023, 11:14:24
root - INFO - Save metadata for Data ingestion 07/13/2023, 11:14:24
root - INFO - Running ingestion.py 07/13/2023, 11:15:09
root - INFO - INFO: Load the config file 07/13/2023, 11:15:09
root - INFO - Info check for the datasets 07/13/2023, 11:15:09
root - INFO - Final dataset saved in the folder ingesteddata                  07/13/2023, 11:15:09
root - INFO - Save metadata for Data ingestion 07/13/2023, 11:15:09
root - INFO - Running ingestion.py 07/13/2023, 11:18:52
root - INFO - INFO: Load the config file 07/13/2023, 11:18:52
root - INFO - Info check for the datasets 07/13/2023, 11:18:52
root - INFO - Final dataset saved in the folder ingesteddata                  07/13/2023, 11:18:52
root - INFO - Save metadata for Data ingestion 07/13/2023, 11:18:52
root - INFO - Running ingestion.py 07/13/2023, 11:34:12
root - INFO - INFO: Load the config file 07/13/2023, 11:34:12
root - INFO - Info check for the datasets 07/13/2023, 11:34:12
root - INFO - Final dataset saved in the folder ingesteddata                  07/13/2023, 11:34:12
root - INFO - Save metadata for Data ingestion 07/13/2023, 11:34:12
root - INFO - Running ingestion.py 07/13/2023, 11:34:46
root - INFO - INFO: Load the config file 07/13/2023, 11:34:46
root - INFO - Info check for the datasets 07/13/2023, 11:34:46
root - INFO - Final dataset saved in the folder ingesteddata                  07/13/2023, 11:34:46
root - INFO - Save metadata for Data ingestion 07/13/2023, 11:34:46
root - INFO - Running ingestion.py 07/13/2023, 11:36:07
root - INFO - INFO: Load the config file 07/13/2023, 11:36:07
root - INFO - Info check for the datasets 07/13/2023, 11:36:07
root - INFO - Final dataset saved in the folder ingesteddata                  07/13/2023, 11:36:07
root - INFO - Save metadata for Data ingestion 07/13/2023, 11:36:07
root - INFO - Running ingestion.py 07/13/2023, 14:06:59
root - INFO - INFO: Load the config file 07/13/2023, 14:06:59
root - INFO - Info check for the datasets 07/13/2023, 14:06:59
root - INFO - Final dataset saved in the folder ingesteddata                  07/13/2023, 14:06:59
root - INFO - Save metadata for Data ingestion 07/13/2023, 14:06:59
